# JRE version: Java(TM) SE Runtime Environment (8.0_51-b16) (build 1.8.0_51-b16)
# Java VM: Java HotSpot(TM) 64-Bit Server VM (25.51-b03 mixed mode windows-amd64 compressed oops)
Heap:
 PSYoungGen      total 263168K, used 220131K [0x00000000eab00000, 0x00000000fd300000, 0x0000000100000000)
  eden space 242688K, 87% used [0x00000000eab00000,0x00000000f7ad5540,0x00000000f9800000)
  from space 20480K, 35% used [0x00000000f9800000,0x00000000f9f238d0,0x00000000fac00000)
  to   space 19456K, 0% used [0x00000000fc000000,0x00000000fc000000,0x00000000fd300000)
 ParOldGen       total 92672K, used 61721K [0x00000000c0000000, 0x00000000c5a80000, 0x00000000eab00000)
  object space 92672K, 66% used [0x00000000c0000000,0x00000000c3c46428,0x00000000c5a80000)
 Metaspace       used 63601K, capacity 68220K, committed 68312K, reserved 1107968K
  class space    used 8621K, capacity 9977K, committed 9984K, reserved 1048576K
GC Heap History (10 events):
Event: 53.062 GC heap before
{Heap before GC invocations=27 (full 3):
 PSYoungGen      total 235008K, used 15860K [0x00000000eab00000, 0x00000000fb680000, 0x0000000100000000)
  eden space 219136K, 0% used [0x00000000eab00000,0x00000000eab00000,0x00000000f8100000)
  from space 15872K, 99% used [0x00000000f9800000,0x00000000fa77d120,0x00000000fa780000)
  to   space 23552K, 0% used [0x00000000f8100000,0x00000000f8100000,0x00000000f9800000)
 ParOldGen       total 50176K, used 49912K [0x00000000c0000000, 0x00000000c3100000, 0x00000000eab00000)
  object space 50176K, 99% used [0x00000000c0000000,0x00000000c30be160,0x00000000c3100000)
 Metaspace       used 49085K, capacity 51460K, committed 51672K, reserved 1093632K
  class space    used 6736K, capacity 7596K, committed 7680K, reserved 1048576K
Event: 53.693 GC heap after
Heap after GC invocations=27 (full 3):
 PSYoungGen      total 235008K, used 11542K [0x00000000eab00000, 0x00000000fb680000, 0x0000000100000000)
  eden space 219136K, 0% used [0x00000000eab00000,0x00000000eab00000,0x00000000f8100000)
  from space 15872K, 72% used [0x00000000f9800000,0x00000000fa345990,0x00000000fa780000)
  to   space 23552K, 0% used [0x00000000f8100000,0x00000000f8100000,0x00000000f9800000)
 ParOldGen       total 50176K, used 49968K [0x00000000c0000000, 0x00000000c3100000, 0x00000000eab00000)
  object space 50176K, 99% used [0x00000000c0000000,0x00000000c30cc170,0x00000000c3100000)
 Metaspace       used 49085K, capacity 51460K, committed 51672K, reserved 1093632K
  class space    used 6736K, capacity 7596K, committed 7680K, reserved 1048576K
}
Event: 78.752 GC heap before
{Heap before GC invocations=28 (full 4):
 PSYoungGen      total 235008K, used 230678K [0x00000000eab00000, 0x00000000fb680000, 0x0000000100000000)
  eden space 219136K, 100% used [0x00000000eab00000,0x00000000f8100000,0x00000000f8100000)
  from space 15872K, 72% used [0x00000000f9800000,0x00000000fa345990,0x00000000fa780000)
  to   space 23552K, 0% used [0x00000000f8100000,0x00000000f8100000,0x00000000f9800000)
 ParOldGen       total 50176K, used 49968K [0x00000000c0000000, 0x00000000c3100000, 0x00000000eab00000)
  object space 50176K, 99% used [0x00000000c0000000,0x00000000c30cc170,0x00000000c3100000)
 Metaspace       used 52222K, capacity 55502K, committed 55640K, reserved 1097728K
  class space    used 7169K, capacity 8228K, committed 8320K, reserved 1048576K
Event: 79.409 GC heap after
Heap after GC invocations=28 (full 4):
 PSYoungGen      total 235008K, used 16271K [0x00000000eab00000, 0x00000000fb680000, 0x0000000100000000)
  eden space 219136K, 7% used [0x00000000eab00000,0x00000000ebae3e00,0x00000000f8100000)
  from space 15872K, 0% used [0x00000000f9800000,0x00000000f9800000,0x00000000fa780000)
  to   space 23552K, 0% used [0x00000000f8100000,0x00000000f8100000,0x00000000f9800000)
 ParOldGen       total 92672K, used 50148K [0x00000000c0000000, 0x00000000c5a80000, 0x00000000eab00000)
  object space 92672K, 54% used [0x00000000c0000000,0x00000000c30f9120,0x00000000c5a80000)
 Metaspace       used 52189K, capacity 55388K, committed 55640K, reserved 1097728K
  class space    used 7161K, capacity 8194K, committed 8320K, reserved 1048576K
}
Event: 85.561 GC heap before
{Heap before GC invocations=29 (full 4):
 PSYoungGen      total 235008K, used 219136K [0x00000000eab00000, 0x00000000fb680000, 0x0000000100000000)
  eden space 219136K, 100% used [0x00000000eab00000,0x00000000f8100000,0x00000000f8100000)
  from space 15872K, 0% used [0x00000000f9800000,0x00000000f9800000,0x00000000fa780000)
  to   space 23552K, 0% used [0x00000000f8100000,0x00000000f8100000,0x00000000f9800000)
 ParOldGen       total 92672K, used 50148K [0x00000000c0000000, 0x00000000c5a80000, 0x00000000eab00000)
  object space 92672K, 54% used [0x00000000c0000000,0x00000000c30f9120,0x00000000c5a80000)
 Metaspace       used 52653K, capacity 55918K, committed 56152K, reserved 1097728K
  class space    used 7211K, capacity 8261K, committed 8320K, reserved 1048576K
Event: 85.606 GC heap after
Heap after GC invocations=29 (full 4):
 PSYoungGen      total 242688K, used 5632K [0x00000000eab00000, 0x00000000fce00000, 0x0000000100000000)
  eden space 219136K, 0% used [0x00000000eab00000,0x00000000eab00000,0x00000000f8100000)
  from space 23552K, 23% used [0x00000000f8100000,0x00000000f8680020,0x00000000f9800000)
  to   space 22016K, 0% used [0x00000000fb880000,0x00000000fb880000,0x00000000fce00000)
 ParOldGen       total 92672K, used 61705K [0x00000000c0000000, 0x00000000c5a80000, 0x00000000eab00000)
  object space 92672K, 66% used [0x00000000c0000000,0x00000000c3c42428,0x00000000c5a80000)
 Metaspace       used 52653K, capacity 55918K, committed 56152K, reserved 1097728K
  class space    used 7211K, capacity 8261K, committed 8320K, reserved 1048576K
}
Event: 89.869 GC heap before
{Heap before GC invocations=30 (full 4):
 PSYoungGen      total 242688K, used 224768K [0x00000000eab00000, 0x00000000fce00000, 0x0000000100000000)
  eden space 219136K, 100% used [0x00000000eab00000,0x00000000f8100000,0x00000000f8100000)
  from space 23552K, 23% used [0x00000000f8100000,0x00000000f8680020,0x00000000f9800000)
  to   space 22016K, 0% used [0x00000000fb880000,0x00000000fb880000,0x00000000fce00000)
 ParOldGen       total 92672K, used 61705K [0x00000000c0000000, 0x00000000c5a80000, 0x00000000eab00000)
  object space 92672K, 66% used [0x00000000c0000000,0x00000000c3c42428,0x00000000c5a80000)
 Metaspace       used 52750K, capacity 55982K, committed 56152K, reserved 1097728K
  class space    used 7211K, capacity 8261K, committed 8320K, reserved 1048576K
Event: 89.879 GC heap after
Heap after GC invocations=30 (full 4):
 PSYoungGen      total 250368K, used 6192K [0x00000000eab00000, 0x00000000fc000000, 0x0000000100000000)
  eden space 242688K, 0% used [0x00000000eab00000,0x00000000eab00000,0x00000000f9800000)
  from space 7680K, 80% used [0x00000000fb880000,0x00000000fbe8c010,0x00000000fc000000)
  to   space 20480K, 0% used [0x00000000f9800000,0x00000000f9800000,0x00000000fac00000)
 ParOldGen       total 92672K, used 61713K [0x00000000c0000000, 0x00000000c5a80000, 0x00000000eab00000)
  object space 92672K, 66% used [0x00000000c0000000,0x00000000c3c44428,0x00000000c5a80000)
 Metaspace       used 52750K, capacity 55982K, committed 56152K, reserved 1097728K
  class space    used 7211K, capacity 8261K, committed 8320K, reserved 1048576K
}
Event: 121.828 GC heap before
{Heap before GC invocations=31 (full 4):
 PSYoungGen      total 250368K, used 248880K [0x00000000eab00000, 0x00000000fc000000, 0x0000000100000000)
  eden space 242688K, 100% used [0x00000000eab00000,0x00000000f9800000,0x00000000f9800000)
  from space 7680K, 80% used [0x00000000fb880000,0x00000000fbe8c010,0x00000000fc000000)
  to   space 20480K, 0% used [0x00000000f9800000,0x00000000f9800000,0x00000000fac00000)
 ParOldGen       total 92672K, used 61713K [0x00000000c0000000, 0x00000000c5a80000, 0x00000000eab00000)
  object space 92672K, 66% used [0x00000000c0000000,0x00000000c3c44428,0x00000000c5a80000)
 Metaspace       used 53657K, capacity 57580K, committed 57816K, reserved 1097728K
  class space    used 7342K, capacity 8587K, committed 8704K, reserved 1048576K
Event: 121.845 GC heap after
Heap after GC invocations=31 (full 4):
 PSYoungGen      total 263168K, used 7310K [0x00000000eab00000, 0x00000000fd300000, 0x0000000100000000)
  eden space 242688K, 0% used [0x00000000eab00000,0x00000000eab00000,0x00000000f9800000)
  from space 20480K, 35% used [0x00000000f9800000,0x00000000f9f238d0,0x00000000fac00000)
  to   space 19456K, 0% used [0x00000000fc000000,0x00000000fc000000,0x00000000fd300000)
 ParOldGen       total 92672K, used 61721K [0x00000000c0000000, 0x00000000c5a80000, 0x00000000eab00000)
  object space 92672K, 66% used [0x00000000c0000000,0x00000000c3c46428,0x00000000c5a80000)
 Metaspace       used 53657K, capacity 57580K, committed 57816K, reserved 1097728K
  class space    used 7342K, capacity 8587K, committed 8704K, reserved 1048576K
}

