# JRE version: Java(TM) SE Runtime Environment (8.0_51-b16) (build 1.8.0_51-b16)
# Java VM: Java HotSpot(TM) 64-Bit Server VM (25.51-b03 mixed mode windows-amd64 compressed oops)
Heap:
 PSYoungGen      total 70144K, used 25372K [0x00000000eab00000, 0x00000000f3400000, 0x0000000100000000)
  eden space 63488K, 39% used [0x00000000eab00000,0x00000000ec3c7320,0x00000000ee900000)
  from space 6656K, 0% used [0x00000000f2d80000,0x00000000f2d80000,0x00000000f3400000)
  to   space 6656K, 0% used [0x00000000ee900000,0x00000000ee900000,0x00000000eef80000)
 ParOldGen       total 47616K, used 19831K [0x00000000c0000000, 0x00000000c2e80000, 0x00000000eab00000)
  object space 47616K, 41% used [0x00000000c0000000,0x00000000c135dc08,0x00000000c2e80000)
 Metaspace       used 7422K, capacity 7998K, committed 8192K, reserved 1056768K
  class space    used 714K, capacity 753K, committed 768K, reserved 1048576K
GC Heap History (10 events):
Event: 9.324 GC heap before
{Heap before GC invocations=5 (full 0):
 PSYoungGen      total 34304K, used 34280K [0x00000000eab00000, 0x00000000ecf00000, 0x0000000100000000)
  eden space 31744K, 100% used [0x00000000eab00000,0x00000000eca00000,0x00000000eca00000)
  from space 2560K, 99% used [0x00000000ecc80000,0x00000000ecefa358,0x00000000ecf00000)
  to   space 2560K, 0% used [0x00000000eca00000,0x00000000eca00000,0x00000000ecc80000)
 ParOldGen       total 42496K, used 10246K [0x00000000c0000000, 0x00000000c2980000, 0x00000000eab00000)
  object space 42496K, 24% used [0x00000000c0000000,0x00000000c0a01940,0x00000000c2980000)
 Metaspace       used 7271K, capacity 7992K, committed 8192K, reserved 1056768K
  class space    used 701K, capacity 752K, committed 768K, reserved 1048576K
Event: 9.335 GC heap after
Heap after GC invocations=5 (full 0):
 PSYoungGen      total 34304K, used 2557K [0x00000000eab00000, 0x00000000ef600000, 0x0000000100000000)
  eden space 31744K, 0% used [0x00000000eab00000,0x00000000eab00000,0x00000000eca00000)
  from space 2560K, 99% used [0x00000000eca00000,0x00000000ecc7f558,0x00000000ecc80000)
  to   space 6656K, 0% used [0x00000000eef80000,0x00000000eef80000,0x00000000ef600000)
 ParOldGen       total 42496K, used 13507K [0x00000000c0000000, 0x00000000c2980000, 0x00000000eab00000)
  object space 42496K, 31% used [0x00000000c0000000,0x00000000c0d30e88,0x00000000c2980000)
 Metaspace       used 7271K, capacity 7992K, committed 8192K, reserved 1056768K
  class space    used 701K, capacity 752K, committed 768K, reserved 1048576K
}
Event: 9.475 GC heap before
{Heap before GC invocations=6 (full 0):
 PSYoungGen      total 34304K, used 34301K [0x00000000eab00000, 0x00000000ef600000, 0x0000000100000000)
  eden space 31744K, 100% used [0x00000000eab00000,0x00000000eca00000,0x00000000eca00000)
  from space 2560K, 99% used [0x00000000eca00000,0x00000000ecc7f558,0x00000000ecc80000)
  to   space 6656K, 0% used [0x00000000eef80000,0x00000000eef80000,0x00000000ef600000)
 ParOldGen       total 42496K, used 13507K [0x00000000c0000000, 0x00000000c2980000, 0x00000000eab00000)
  object space 42496K, 31% used [0x00000000c0000000,0x00000000c0d30e88,0x00000000c2980000)
 Metaspace       used 7281K, capacity 7992K, committed 8192K, reserved 1056768K
  class space    used 701K, capacity 752K, committed 768K, reserved 1048576K
Event: 9.489 GC heap after
Heap after GC invocations=6 (full 0):
 PSYoungGen      total 70144K, used 4700K [0x00000000eab00000, 0x00000000ef600000, 0x0000000100000000)
  eden space 63488K, 0% used [0x00000000eab00000,0x00000000eab00000,0x00000000ee900000)
  from space 6656K, 70% used [0x00000000eef80000,0x00000000ef4172d0,0x00000000ef600000)
  to   space 6656K, 0% used [0x00000000ee900000,0x00000000ee900000,0x00000000eef80000)
 ParOldGen       total 42496K, used 21302K [0x00000000c0000000, 0x00000000c2980000, 0x00000000eab00000)
  object space 42496K, 50% used [0x00000000c0000000,0x00000000c14cdb50,0x00000000c2980000)
 Metaspace       used 7281K, capacity 7992K, committed 8192K, reserved 1056768K
  class space    used 701K, capacity 752K, committed 768K, reserved 1048576K
}
Event: 9.811 GC heap before
{Heap before GC invocations=7 (full 0):
 PSYoungGen      total 70144K, used 68188K [0x00000000eab00000, 0x00000000ef600000, 0x0000000100000000)
  eden space 63488K, 100% used [0x00000000eab00000,0x00000000ee900000,0x00000000ee900000)
  from space 6656K, 70% used [0x00000000eef80000,0x00000000ef4172d0,0x00000000ef600000)
  to   space 6656K, 0% used [0x00000000ee900000,0x00000000ee900000,0x00000000eef80000)
 ParOldGen       total 42496K, used 21302K [0x00000000c0000000, 0x00000000c2980000, 0x00000000eab00000)
  object space 42496K, 50% used [0x00000000c0000000,0x00000000c14cdb50,0x00000000c2980000)
 Metaspace       used 7304K, capacity 7992K, committed 8192K, reserved 1056768K
  class space    used 702K, capacity 752K, committed 768K, reserved 1048576K
Event: 9.826 GC heap after
Heap after GC invocations=7 (full 0):
 PSYoungGen      total 70144K, used 6044K [0x00000000eab00000, 0x00000000f3400000, 0x0000000100000000)
  eden space 63488K, 0% used [0x00000000eab00000,0x00000000eab00000,0x00000000ee900000)
  from space 6656K, 90% used [0x00000000ee900000,0x00000000eeee70f0,0x00000000eef80000)
  to   space 6656K, 0% used [0x00000000f2d80000,0x00000000f2d80000,0x00000000f3400000)
 ParOldGen       total 42496K, used 23032K [0x00000000c0000000, 0x00000000c2980000, 0x00000000eab00000)
  object space 42496K, 54% used [0x00000000c0000000,0x00000000c167e140,0x00000000c2980000)
 Metaspace       used 7304K, capacity 7992K, committed 8192K, reserved 1056768K
  class space    used 702K, capacity 752K, committed 768K, reserved 1048576K
}
Event: 10.550 GC heap before
{Heap before GC invocations=8 (full 0):
 PSYoungGen      total 70144K, used 69532K [0x00000000eab00000, 0x00000000f3400000, 0x0000000100000000)
  eden space 63488K, 100% used [0x00000000eab00000,0x00000000ee900000,0x00000000ee900000)
  from space 6656K, 90% used [0x00000000ee900000,0x00000000eeee70f0,0x00000000eef80000)
  to   space 6656K, 0% used [0x00000000f2d80000,0x00000000f2d80000,0x00000000f3400000)
 ParOldGen       total 42496K, used 23032K [0x00000000c0000000, 0x00000000c2980000, 0x00000000eab00000)
  object space 42496K, 54% used [0x00000000c0000000,0x00000000c167e140,0x00000000c2980000)
 Metaspace       used 7387K, capacity 7998K, committed 8192K, reserved 1056768K
  class space    used 710K, capacity 753K, committed 768K, reserved 1048576K
Event: 10.565 GC heap after
Heap after GC invocations=8 (full 0):
 PSYoungGen      total 70144K, used 6653K [0x00000000eab00000, 0x00000000f3400000, 0x0000000100000000)
  eden space 63488K, 0% used [0x00000000eab00000,0x00000000eab00000,0x00000000ee900000)
  from space 6656K, 99% used [0x00000000f2d80000,0x00000000f33ff690,0x00000000f3400000)
  to   space 6656K, 0% used [0x00000000ee900000,0x00000000ee900000,0x00000000eef80000)
 ParOldGen       total 47616K, used 43597K [0x00000000c0000000, 0x00000000c2e80000, 0x00000000eab00000)
  object space 47616K, 91% used [0x00000000c0000000,0x00000000c2a937e8,0x00000000c2e80000)
 Metaspace       used 7387K, capacity 7998K, committed 8192K, reserved 1056768K
  class space    used 710K, capacity 753K, committed 768K, reserved 1048576K
}
Event: 10.565 GC heap before
{Heap before GC invocations=9 (full 1):
 PSYoungGen      total 70144K, used 6653K [0x00000000eab00000, 0x00000000f3400000, 0x0000000100000000)
  eden space 63488K, 0% used [0x00000000eab00000,0x00000000eab00000,0x00000000ee900000)
  from space 6656K, 99% used [0x00000000f2d80000,0x00000000f33ff690,0x00000000f3400000)
  to   space 6656K, 0% used [0x00000000ee900000,0x00000000ee900000,0x00000000eef80000)
 ParOldGen       total 47616K, used 43597K [0x00000000c0000000, 0x00000000c2e80000, 0x00000000eab00000)
  object space 47616K, 91% used [0x00000000c0000000,0x00000000c2a937e8,0x00000000c2e80000)
 Metaspace       used 7387K, capacity 7998K, committed 8192K, reserved 1056768K
  class space    used 710K, capacity 753K, committed 768K, reserved 1048576K
Event: 10.634 GC heap after
Heap after GC invocations=9 (full 1):
 PSYoungGen      total 70144K, used 0K [0x00000000eab00000, 0x00000000f3400000, 0x0000000100000000)
  eden space 63488K, 0% used [0x00000000eab00000,0x00000000eab00000,0x00000000ee900000)
  from space 6656K, 0% used [0x00000000f2d80000,0x00000000f2d80000,0x00000000f3400000)
  to   space 6656K, 0% used [0x00000000ee900000,0x00000000ee900000,0x00000000eef80000)
 ParOldGen       total 47616K, used 19831K [0x00000000c0000000, 0x00000000c2e80000, 0x00000000eab00000)
  object space 47616K, 41% used [0x00000000c0000000,0x00000000c135dc08,0x00000000c2e80000)
 Metaspace       used 7387K, capacity 7998K, committed 8192K, reserved 1056768K
  class space    used 710K, capacity 753K, committed 768K, reserved 1048576K
}

